  Manager.cpp
C:\Users\Cyber_User\Documents\Magshimim\Year 2\C++\ChessProj\gitPull\ChessRAFinals\ChessCode\Manager.cpp(52,20): warning C4309: 'argument': truncation of constant value
C:\Users\Cyber_User\Documents\Magshimim\Year 2\C++\ChessProj\gitPull\ChessRAFinals\ChessCode\Manager.cpp(55,20): warning C4309: 'argument': truncation of constant value
  Manager.h
  Generating Code...
C:\Users\Cyber_User\Documents\Magshimim\Year 2\C++\ChessProj\gitPull\ChessRAFinals\ChessCode\Manager.cpp(31,1): warning C4172: returning address of local variable or temporary : msg
ChessCode\x64\Debug\Board.obj : warning LNK4042: object specified more than once; extras ignored
ChessCode\x64\Debug\Manager.obj : warning LNK4042: object specified more than once; extras ignored
ChessCode\x64\Debug\Pawn.obj : warning LNK4042: object specified more than once; extras ignored
ChessCode\x64\Debug\Piece.obj : warning LNK4042: object specified more than once; extras ignored
Queen.obj : error LNK2001: unresolved external symbol "public: __cdecl Piece::Piece(int,class std::basic_string<char,struct std::char_traits<char>,class std::allocator<char> >)" (??0Piece@@QEAA@HV?$basic_string@DU?$char_traits@D@std@@V?$allocator@D@2@@std@@@Z)
Rook.obj : error LNK2001: unresolved external symbol "public: __cdecl Piece::Piece(int,class std::basic_string<char,struct std::char_traits<char>,class std::allocator<char> >)" (??0Piece@@QEAA@HV?$basic_string@DU?$char_traits@D@std@@V?$allocator@D@2@@std@@@Z)
Bishop.obj : error LNK2001: unresolved external symbol "public: __cdecl Piece::Piece(int,class std::basic_string<char,struct std::char_traits<char>,class std::allocator<char> >)" (??0Piece@@QEAA@HV?$basic_string@DU?$char_traits@D@std@@V?$allocator@D@2@@std@@@Z)
King.obj : error LNK2001: unresolved external symbol "public: __cdecl Piece::Piece(int,class std::basic_string<char,struct std::char_traits<char>,class std::allocator<char> >)" (??0Piece@@QEAA@HV?$basic_string@DU?$char_traits@D@std@@V?$allocator@D@2@@std@@@Z)
Knight.obj : error LNK2001: unresolved external symbol "public: __cdecl Piece::Piece(int,class std::basic_string<char,struct std::char_traits<char>,class std::allocator<char> >)" (??0Piece@@QEAA@HV?$basic_string@DU?$char_traits@D@std@@V?$allocator@D@2@@std@@@Z)
Pawn.obj : error LNK2001: unresolved external symbol "public: __cdecl Piece::Piece(int,class std::basic_string<char,struct std::char_traits<char>,class std::allocator<char> >)" (??0Piece@@QEAA@HV?$basic_string@DU?$char_traits@D@std@@V?$allocator@D@2@@std@@@Z)
Queen.obj : error LNK2001: unresolved external symbol "public: __cdecl Piece::~Piece(void)" (??1Piece@@QEAA@XZ)
Rook.obj : error LNK2001: unresolved external symbol "public: __cdecl Piece::~Piece(void)" (??1Piece@@QEAA@XZ)
Bishop.obj : error LNK2001: unresolved external symbol "public: __cdecl Piece::~Piece(void)" (??1Piece@@QEAA@XZ)
King.obj : error LNK2001: unresolved external symbol "public: __cdecl Piece::~Piece(void)" (??1Piece@@QEAA@XZ)
Knight.obj : error LNK2001: unresolved external symbol "public: __cdecl Piece::~Piece(void)" (??1Piece@@QEAA@XZ)
Pawn.obj : error LNK2001: unresolved external symbol "public: __cdecl Piece::~Piece(void)" (??1Piece@@QEAA@XZ)
Queen.obj : error LNK2001: unresolved external symbol "public: int __cdecl Piece::getColor(void)const " (?getColor@Piece@@QEBAHXZ)
Rook.obj : error LNK2001: unresolved external symbol "public: int __cdecl Piece::getColor(void)const " (?getColor@Piece@@QEBAHXZ)
Bishop.obj : error LNK2001: unresolved external symbol "public: int __cdecl Piece::getColor(void)const " (?getColor@Piece@@QEBAHXZ)
King.obj : error LNK2001: unresolved external symbol "public: int __cdecl Piece::getColor(void)const " (?getColor@Piece@@QEBAHXZ)
Knight.obj : error LNK2001: unresolved external symbol "public: int __cdecl Piece::getColor(void)const " (?getColor@Piece@@QEBAHXZ)
Pawn.obj : error LNK2001: unresolved external symbol "public: int __cdecl Piece::getColor(void)const " (?getColor@Piece@@QEBAHXZ)
Pawn.obj : error LNK2001: unresolved external symbol "public: bool __cdecl Board::makeMove(class std::basic_string<char,struct std::char_traits<char>,class std::allocator<char> >)" (?makeMove@Board@@QEAA_NV?$basic_string@DU?$char_traits@D@std@@V?$allocator@D@2@@std@@@Z)
Queen.obj : error LNK2001: unresolved external symbol "public: bool __cdecl Board::makeMove(class std::basic_string<char,struct std::char_traits<char>,class std::allocator<char> >)" (?makeMove@Board@@QEAA_NV?$basic_string@DU?$char_traits@D@std@@V?$allocator@D@2@@std@@@Z)
Rook.obj : error LNK2001: unresolved external symbol "public: bool __cdecl Board::makeMove(class std::basic_string<char,struct std::char_traits<char>,class std::allocator<char> >)" (?makeMove@Board@@QEAA_NV?$basic_string@DU?$char_traits@D@std@@V?$allocator@D@2@@std@@@Z)
Bishop.obj : error LNK2001: unresolved external symbol "public: bool __cdecl Board::makeMove(class std::basic_string<char,struct std::char_traits<char>,class std::allocator<char> >)" (?makeMove@Board@@QEAA_NV?$basic_string@DU?$char_traits@D@std@@V?$allocator@D@2@@std@@@Z)
King.obj : error LNK2001: unresolved external symbol "public: bool __cdecl Board::makeMove(class std::basic_string<char,struct std::char_traits<char>,class std::allocator<char> >)" (?makeMove@Board@@QEAA_NV?$basic_string@DU?$char_traits@D@std@@V?$allocator@D@2@@std@@@Z)
Knight.obj : error LNK2001: unresolved external symbol "public: bool __cdecl Board::makeMove(class std::basic_string<char,struct std::char_traits<char>,class std::allocator<char> >)" (?makeMove@Board@@QEAA_NV?$basic_string@DU?$char_traits@D@std@@V?$allocator@D@2@@std@@@Z)
Manager.obj : error LNK2001: unresolved external symbol "public: bool __cdecl Board::makeMove(class std::basic_string<char,struct std::char_traits<char>,class std::allocator<char> >)" (?makeMove@Board@@QEAA_NV?$basic_string@DU?$char_traits@D@std@@V?$allocator@D@2@@std@@@Z)
Pawn.obj : error LNK2001: unresolved external symbol "public: class Piece * __cdecl Board::getPiece(class std::basic_string<char,struct std::char_traits<char>,class std::allocator<char> >)" (?getPiece@Board@@QEAAPEAVPiece@@V?$basic_string@DU?$char_traits@D@std@@V?$allocator@D@2@@std@@@Z)
Queen.obj : error LNK2001: unresolved external symbol "public: class Piece * __cdecl Board::getPiece(class std::basic_string<char,struct std::char_traits<char>,class std::allocator<char> >)" (?getPiece@Board@@QEAAPEAVPiece@@V?$basic_string@DU?$char_traits@D@std@@V?$allocator@D@2@@std@@@Z)
Rook.obj : error LNK2001: unresolved external symbol "public: class Piece * __cdecl Board::getPiece(class std::basic_string<char,struct std::char_traits<char>,class std::allocator<char> >)" (?getPiece@Board@@QEAAPEAVPiece@@V?$basic_string@DU?$char_traits@D@std@@V?$allocator@D@2@@std@@@Z)
Bishop.obj : error LNK2001: unresolved external symbol "public: class Piece * __cdecl Board::getPiece(class std::basic_string<char,struct std::char_traits<char>,class std::allocator<char> >)" (?getPiece@Board@@QEAAPEAVPiece@@V?$basic_string@DU?$char_traits@D@std@@V?$allocator@D@2@@std@@@Z)
King.obj : error LNK2001: unresolved external symbol "public: class Piece * __cdecl Board::getPiece(class std::basic_string<char,struct std::char_traits<char>,class std::allocator<char> >)" (?getPiece@Board@@QEAAPEAVPiece@@V?$basic_string@DU?$char_traits@D@std@@V?$allocator@D@2@@std@@@Z)
Knight.obj : error LNK2001: unresolved external symbol "public: class Piece * __cdecl Board::getPiece(class std::basic_string<char,struct std::char_traits<char>,class std::allocator<char> >)" (?getPiece@Board@@QEAAPEAVPiece@@V?$basic_string@DU?$char_traits@D@std@@V?$allocator@D@2@@std@@@Z)
Manager.obj : error LNK2001: unresolved external symbol "public: class Piece * __cdecl Board::getPiece(class std::basic_string<char,struct std::char_traits<char>,class std::allocator<char> >)" (?getPiece@Board@@QEAAPEAVPiece@@V?$basic_string@DU?$char_traits@D@std@@V?$allocator@D@2@@std@@@Z)
King.obj : error LNK2019: unresolved external symbol "public: class std::basic_string<char,struct std::char_traits<char>,class std::allocator<char> > __cdecl Piece::getName(void)const " (?getName@Piece@@QEBA?AV?$basic_string@DU?$char_traits@D@std@@V?$allocator@D@2@@std@@XZ) referenced in function "public: virtual bool __cdecl King::isUnderCheck(class std::basic_string<char,struct std::char_traits<char>,class std::allocator<char> >,class Board)" (?isUnderCheck@King@@UEAA_NV?$basic_string@DU?$char_traits@D@std@@V?$allocator@D@2@@std@@VBoard@@@Z)
Manager.obj : error LNK2019: unresolved external symbol "public: __cdecl Board::Board(void)" (??0Board@@QEAA@XZ) referenced in function "public: __cdecl Manager::Manager(class Pipe &)" (??0Manager@@QEAA@AEAVPipe@@@Z)
Manager.obj : error LNK2019: unresolved external symbol "public: void __cdecl Board::clearBoard(void)" (?clearBoard@Board@@QEAAXXZ) referenced in function "public: __cdecl Manager::~Manager(void)" (??1Manager@@QEAA@XZ)
Manager.obj : error LNK2019: unresolved external symbol "public: void __cdecl Board::resetBoard(void)" (?resetBoard@Board@@QEAAXXZ) referenced in function "public: void __cdecl Manager::playGame(void)" (?playGame@Manager@@QEAAXXZ)
Manager.obj : error LNK2019: unresolved external symbol "public: int __cdecl Board::isLegal(class std::basic_string<char,struct std::char_traits<char>,class std::allocator<char> >)" (?isLegal@Board@@QEAAHV?$basic_string@DU?$char_traits@D@std@@V?$allocator@D@2@@std@@@Z) referenced in function "public: void __cdecl Manager::playGame(void)" (?playGame@Manager@@QEAAXXZ)
C:\Users\Cyber_User\Documents\Magshimim\Year 2\C++\ChessProj\gitPull\ChessRAFinals\ChessCode\x64\Debug\ChessCode.exe : fatal error LNK1120: 10 unresolved externals
